<?xml version="1.0" encoding="UTF-8"?>
<!-- Generated by org.testng.reporters.JUnitReportReporter -->
<testsuite skipped="0" hostname="Chohees-MBP" name="automationcode12thMarch2023.Learning_How_to_Identify_WebElement" tests="1" failures="0" timestamp="2023-04-23T18:01:35 EDT" time="16.975" errors="0">
  <testcase name="understandingWebElementsTNLogin" time="16.975" classname="automationcode12thMarch2023.Learning_How_to_Identify_WebElement"/>
  <system-out/>
</testsuite> <!-- automationcode12thMarch2023.Learning_How_to_Identify_WebElement -->
