<?xml version="1.0" encoding="UTF-8"?>
<!-- Generated by org.testng.reporters.JUnitReportReporter -->
<testsuite skipped="0" hostname="Chohees-MBP" name="automationcode_9thApr_2023.TNLogin" tests="1" failures="0" timestamp="2023-04-09T11:26:58 EDT" time="14.366" errors="0">
  <testcase name="loginNinjaTest" time="14.366" classname="automationcode_9thApr_2023.TNLogin"/>
  <system-out/>
</testsuite> <!-- automationcode_9thApr_2023.TNLogin -->
