<?xml version="1.0" encoding="UTF-8"?>
<!-- Generated by org.testng.reporters.JUnitReportReporter -->
<testsuite skipped="0" hostname="Chohees-MBP" name="automationcode18thMarch2023.TN_Register" tests="1" failures="0" timestamp="2023-03-19T09:36:25 EDT" time="20.605" errors="0">
  <testcase name="clickRegister" time="20.605" classname="automationcode18thMarch2023.TN_Register"/>
  <system-out/>
</testsuite> <!-- automationcode18thMarch2023.TN_Register -->
