<?xml version="1.0" encoding="UTF-8"?>
<!-- Generated by org.testng.reporters.JUnitReportReporter -->
<testsuite skipped="0" hostname="Chohees-MBP" name="learningtestNG.TestNG_Annotations" tests="2" failures="0" timestamp="2023-04-23T20:17:08 EDT" time="0.015" errors="0">
  <testcase name="testCaseAnnotation" time="0.006" classname="learningtestNG.TestNG_Annotations"/>
  <system-out/>
  <testcase name="testCase2Annotation" time="0.009" classname="learningtestNG.TestNG_Annotations"/>
  <system-out/>
</testsuite> <!-- learningtestNG.TestNG_Annotations -->
