<?xml version="1.0" encoding="UTF-8"?>
<!-- Generated by org.testng.reporters.JUnitReportReporter -->
<testsuite skipped="0" hostname="Chohees-MBP" name="automationcode_8thApr_2023.Parameterize_TN" tests="1" failures="0" timestamp="2023-04-09T21:08:51 EDT" time="6.760" errors="0">
  <testcase name="TNLogin" time="6.760" classname="automationcode_8thApr_2023.Parameterize_TN"/>
  <system-out/>
</testsuite> <!-- automationcode_8thApr_2023.Parameterize_TN -->
