<?xml version="1.0" encoding="UTF-8"?>
<!-- Generated by org.testng.reporters.JUnitReportReporter -->
<testsuite skipped="0" hostname="Chohees-MBP" name="automationcode1stApril2023.Actions_Frame" tests="1" failures="0" timestamp="2023-04-02T21:03:05 EDT" time="10.886" errors="0">
  <testcase name="handlingFrames" time="10.886" classname="automationcode1stApril2023.Actions_Frame"/>
  <system-out/>
</testsuite> <!-- automationcode1stApril2023.Actions_Frame -->
