<?xml version="1.0" encoding="UTF-8"?>
<!-- Generated by org.testng.reporters.JUnitReportReporter -->
<testsuite skipped="0" hostname="Chohees-MBP" name="automationcode25thMarch2023.Advanced_Xpaths" tests="1" failures="0" timestamp="2023-04-23T20:44:26 EDT" time="14.363" errors="0">
  <testcase name="login" time="14.363" classname="automationcode25thMarch2023.Advanced_Xpaths"/>
  <system-out/>
</testsuite> <!-- automationcode25thMarch2023.Advanced_Xpaths -->
