<?xml version="1.0" encoding="UTF-8"?>
<!-- Generated by org.testng.reporters.JUnitReportReporter -->
<testsuite skipped="0" hostname="Chohees-MBP" name="testing_assertions_2ndApr_2023.Kumar_Assertions" tests="6" failures="0" timestamp="2023-04-02T15:27:48 EDT" time="71.653" errors="0">
  <testcase name="verifyNinjaPolicyWarningMessageTest" time="13.699" classname="testing_assertions_2ndApr_2023.Kumar_Assertions"/>
  <system-out/>
  <testcase name="verifyNinjaFirstNameWarningMessageTest" time="11.334" classname="testing_assertions_2ndApr_2023.Kumar_Assertions"/>
  <system-out/>
  <testcase name="verifyNinjaLastNameWarningMessageTest" time="11.222" classname="testing_assertions_2ndApr_2023.Kumar_Assertions"/>
  <system-out/>
  <testcase name="verifyNinjaEmailWarningMessageTest" time="11.395" classname="testing_assertions_2ndApr_2023.Kumar_Assertions"/>
  <system-out/>
  <testcase name="verifyNinjaTelephoneWarningMessageTest" time="12.805" classname="testing_assertions_2ndApr_2023.Kumar_Assertions"/>
  <system-out/>
  <testcase name="verifyNinjaPasswordWarningMessageTest" time="11.198" classname="testing_assertions_2ndApr_2023.Kumar_Assertions"/>
  <system-out/>
</testsuite> <!-- testing_assertions_2ndApr_2023.Kumar_Assertions -->
