<?xml version="1.0" encoding="UTF-8"?>
<!-- Generated by org.testng.reporters.JUnitReportReporter -->
<testsuite skipped="0" hostname="Chohees-MBP" name="learningtestNG.SeleniumCode" tests="3" failures="0" timestamp="2023-03-18T11:00:48 EDT" time="30.011" errors="0">
  <testcase name="loginWithValidCredentials" time="9.569" classname="learningtestNG.SeleniumCode"/>
  <system-out/>
  <testcase name="loginWithInvalidCredentials" time="11.890" classname="learningtestNG.SeleniumCode"/>
  <system-out/>
  <testcase name="loginWihtoutAnyCredentials" time="8.552" classname="learningtestNG.SeleniumCode"/>
  <system-out/>
</testsuite> <!-- learningtestNG.SeleniumCode -->
