<?xml version="1.0" encoding="UTF-8"?>
<!-- Generated by org.testng.reporters.JUnitReportReporter -->
<testsuite skipped="0" hostname="Chohees-MBP" name="automationcode_9thApr_2023_Retry_Failed_TestCases.TnRediffTest" tests="2" failures="0" timestamp="2023-04-09T11:34:16 EDT" time="28.804" errors="0">
  <testcase name="TNLoginTest" time="12.989" classname="automationcode_9thApr_2023_Retry_Failed_TestCases.TnRediffTest"/>
  <system-out/>
  <testcase name="rediffLoginTest" time="15.815" classname="automationcode_9thApr_2023_Retry_Failed_TestCases.TnRediffTest"/>
  <system-out/>
</testsuite> <!-- automationcode_9thApr_2023_Retry_Failed_TestCases.TnRediffTest -->
