<?xml version="1.0" encoding="UTF-8"?>
<!-- Generated by org.testng.reporters.JUnitReportReporter -->
<testsuite skipped="0" hostname="Chohees-MBP" name="automationcode25thMarch2023.CssSelector_Practice" tests="1" failures="0" timestamp="2023-03-25T14:13:58 EDT" time="40.904" errors="0">
  <testcase name="loginmethod" time="40.904" classname="automationcode25thMarch2023.CssSelector_Practice"/>
  <system-out/>
</testsuite> <!-- automationcode25thMarch2023.CssSelector_Practice -->
