<?xml version="1.0" encoding="UTF-8"?>
<!-- Generated by org.testng.reporters.JUnitReportReporter -->
<testsuite skipped="0" hostname="Chohees-MBP" name="automationcode18thMarch2023.InvoacationCountUse$InvocationCountUse" tests="7" failures="0" timestamp="2023-03-18T11:01:14 EDT" time="0.020" errors="0">
  <testcase name="sample1" time="0.009" classname="automationcode18thMarch2023.InvoacationCountUse$InvocationCountUse"/>
  <system-out/>
  <testcase name="sample2" time="0.002" classname="automationcode18thMarch2023.InvoacationCountUse$InvocationCountUse"/>
  <system-out/>
  <testcase name="sample3" time="0.002" classname="automationcode18thMarch2023.InvoacationCountUse$InvocationCountUse"/>
  <system-out/>
  <testcase name="sample3" time="0.003" classname="automationcode18thMarch2023.InvoacationCountUse$InvocationCountUse"/>
  <system-out/>
  <testcase name="sample3" time="0.001" classname="automationcode18thMarch2023.InvoacationCountUse$InvocationCountUse"/>
  <system-out/>
  <testcase name="sample3" time="0.001" classname="automationcode18thMarch2023.InvoacationCountUse$InvocationCountUse"/>
  <system-out/>
  <testcase name="sample3" time="0.002" classname="automationcode18thMarch2023.InvoacationCountUse$InvocationCountUse"/>
  <system-out/>
</testsuite> <!-- automationcode18thMarch2023.InvoacationCountUse$InvocationCountUse -->
