<?xml version="1.0" encoding="UTF-8"?>
<!-- Generated by org.testng.reporters.JUnitReportReporter -->
<testsuite skipped="0" hostname="Chohees-MBP" name="automationcode_8thApr_2023.TNLoginTest" tests="1" failures="0" timestamp="2023-04-09T20:11:04 EDT" time="14.361" errors="0">
  <testcase name="TNLogin" time="14.361" classname="automationcode_8thApr_2023.TNLoginTest"/>
  <system-out/>
</testsuite> <!-- automationcode_8thApr_2023.TNLoginTest -->
