<?xml version="1.0" encoding="UTF-8"?>
<!-- Generated by org.testng.reporters.JUnitReportReporter -->
<testsuite skipped="0" hostname="Chohees-MBP" name="automationcode_8thApr_2023.Parameterize_Rediff" tests="1" failures="0" timestamp="2023-04-09T20:56:04 EDT" time="27.435" errors="0">
  <testcase name="rediffLogin" time="27.435" classname="automationcode_8thApr_2023.Parameterize_Rediff"/>
  <system-out/>
</testsuite> <!-- automationcode_8thApr_2023.Parameterize_Rediff -->
