<?xml version="1.0" encoding="UTF-8"?>
<!-- Generated by org.testng.reporters.JUnitReportReporter -->
<testsuite skipped="0" hostname="Chohees-MBP" name="automationcode18thMarch2023.SelfPractice_Assignment" tests="2" failures="0" timestamp="2023-04-23T20:22:55 EDT" time="23.576" errors="0">
  <testcase name="clicksignin" time="10.465" classname="automationcode18thMarch2023.SelfPractice_Assignment"/>
  <system-out/>
  <testcase name="clickLogout" time="13.111" classname="automationcode18thMarch2023.SelfPractice_Assignment"/>
  <system-out/>
</testsuite> <!-- automationcode18thMarch2023.SelfPractice_Assignment -->
