<?xml version="1.0" encoding="UTF-8"?>
<!-- Generated by org.testng.reporters.JUnitReportReporter -->
<testsuite skipped="0" hostname="Chohees-MBP" name="automationcode15thApr2023.TNListenerRegisterTest" tests="1" failures="0" timestamp="2023-04-22T10:51:54 EDT" time="22.990" errors="0">
  <testcase name="registerPage" time="22.990" classname="automationcode15thApr2023.TNListenerRegisterTest"/>
  <system-out/>
</testsuite> <!-- automationcode15thApr2023.TNListenerRegisterTest -->
