<?xml version="1.0" encoding="UTF-8"?>
<!-- Generated by org.testng.reporters.JUnitReportReporter -->
<testsuite skipped="0" hostname="Chohees-MBP" name="automationcode2ndApril2023.DataDriven" tests="8" failures="0" timestamp="2023-04-02T13:34:14 EDT" time="168.051" errors="0">
  <testcase name="loginNinjaTest" time="9.839" classname="automationcode2ndApril2023.DataDriven"/>
  <system-out/>
  <testcase name="loginNinjaTest" time="10.247" classname="automationcode2ndApril2023.DataDriven"/>
  <system-out/>
  <testcase name="loginNinjaTest" time="9.730" classname="automationcode2ndApril2023.DataDriven"/>
  <system-out/>
  <testcase name="loginNinjaTest" time="12.299" classname="automationcode2ndApril2023.DataDriven"/>
  <system-out/>
  <testcase name="loginRediff" time="25.429" classname="automationcode2ndApril2023.DataDriven"/>
  <system-out/>
  <testcase name="loginRediff" time="30.476" classname="automationcode2ndApril2023.DataDriven"/>
  <system-out/>
  <testcase name="loginRediff" time="27.058" classname="automationcode2ndApril2023.DataDriven"/>
  <system-out/>
  <testcase name="loginRediff" time="42.973" classname="automationcode2ndApril2023.DataDriven"/>
  <system-out/>
</testsuite> <!-- automationcode2ndApril2023.DataDriven -->
