<?xml version="1.0" encoding="UTF-8"?>
<!-- Generated by org.testng.reporters.JUnitReportReporter -->
<testsuite skipped="0" hostname="Chohees-MBP" name="automationcode19thMarch2023.TN_xpath" tests="2" failures="0" timestamp="2023-04-23T20:38:56 EDT" time="25.790" errors="0">
  <testcase name="registertn" time="13.002" classname="automationcode19thMarch2023.TN_xpath"/>
  <system-out/>
  <testcase name="login" time="12.788" classname="automationcode19thMarch2023.TN_xpath"/>
  <system-out/>
</testsuite> <!-- automationcode19thMarch2023.TN_xpath -->
