<?xml version="1.0" encoding="UTF-8"?>
<!-- Generated by org.testng.reporters.JUnitReportReporter -->
<testsuite skipped="0" hostname="Chohees-MBP" name="automationcode19thMarch2023.IntroductionToXpath" tests="2" failures="0" timestamp="2023-03-19T16:02:55 EDT" time="19.569" errors="0">
  <testcase name="loginCredentials" time="11.973" classname="automationcode19thMarch2023.IntroductionToXpath"/>
  <system-out/>
  <testcase name="signin" time="7.596" classname="automationcode19thMarch2023.IntroductionToXpath"/>
  <system-out/>
</testsuite> <!-- automationcode19thMarch2023.IntroductionToXpath -->
