<?xml version="1.0" encoding="UTF-8"?>
<!-- Generated by org.testng.reporters.JUnitReportReporter -->
<testsuite skipped="0" hostname="Chohees-MBP" name="automationcode_8thApr_2023.RediffLoginTest" tests="1" failures="0" timestamp="2023-04-09T20:04:30 EDT" time="22.987" errors="0">
  <testcase name="rediffLogin" time="22.987" classname="automationcode_8thApr_2023.RediffLoginTest"/>
  <system-out/>
</testsuite> <!-- automationcode_8thApr_2023.RediffLoginTest -->
