<?xml version="1.0" encoding="UTF-8"?>
<!-- Generated by org.testng.reporters.JUnitReportReporter -->
<testsuite skipped="0" hostname="Chohees-MBP" name="automationcode1stApril2023.Actions_Mouse_Keyboard" tests="1" failures="0" timestamp="2023-04-02T20:45:51 EDT" time="26.882" errors="0">
  <testcase name="mouseActionsTest" time="26.882" classname="automationcode1stApril2023.Actions_Mouse_Keyboard"/>
  <system-out/>
</testsuite> <!-- automationcode1stApril2023.Actions_Mouse_Keyboard -->
