<?xml version="1.0" encoding="UTF-8"?>
<!-- Generated by org.testng.reporters.JUnitReportReporter -->
<testsuite skipped="0" hostname="Chohees-MBP" name="automationcode1stApril2023.Actions_Keyboard" tests="1" failures="0" timestamp="2023-04-08T14:58:00 EDT" time="12.647" errors="0">
  <testcase name="keyBoardActionItem" time="12.647" classname="automationcode1stApril2023.Actions_Keyboard"/>
  <system-out/>
</testsuite> <!-- automationcode1stApril2023.Actions_Keyboard -->
