<?xml version="1.0" encoding="UTF-8"?>
<!-- Generated by org.testng.reporters.JUnitReportReporter -->
<testsuite skipped="0" hostname="Chohees-MBP" name="learningtestNG.ImportanceOfBM_Test_AM" tests="1" failures="0" timestamp="2023-04-23T20:19:13 EDT" time="0.008" errors="0">
  <testcase name="testcase1" time="0.008" classname="learningtestNG.ImportanceOfBM_Test_AM"/>
  <system-out/>
</testsuite> <!-- learningtestNG.ImportanceOfBM_Test_AM -->
